GNOME_KEYRING_CONTROL=/run/user/1000/keyring-5b7BI8
GPG_AGENT_INFO=/run/user/1000/keyring-5b7BI8/gpg:0:1
SSH_AUTH_SOCK=/run/user/1000/keyring-5b7BI8/ssh
GNOME_KEYRING_CONTROL=/run/user/1000/keyring-5b7BI8
GPG_AGENT_INFO=/run/user/1000/keyring-5b7BI8/gpg:0:1
SSH_AUTH_SOCK=/run/user/1000/keyring-5b7BI8/ssh
GNOME_KEYRING_CONTROL=/run/user/1000/keyring-5b7BI8
GPG_AGENT_INFO=/run/user/1000/keyring-5b7BI8/gpg:0:1
SSH_AUTH_SOCK=/run/user/1000/keyring-5b7BI8/ssh
GNOME_KEYRING_CONTROL=/run/user/1000/keyring-5b7BI8
GPG_AGENT_INFO=/run/user/1000/keyring-5b7BI8/gpg:0:1
SSH_AUTH_SOCK=/run/user/1000/keyring-5b7BI8/ssh
compiz (core) - Info: Loading plugin: core
compiz (core) - Info: Starting plugin: core
compiz (core) - Info: Loading plugin: ccp
compiz (core) - Info: Starting plugin: ccp
compizconfig - Info: Backend     : gsettings
compizconfig - Info: Integration : true
compizconfig - Info: Profile     : unity

(process:2297): indicator-application-service-WARNING **: Unable to get watcher name 'org.kde.StatusNotifierWatcher'

(process:2297): indicator-application-service-WARNING **: Name Lost
vmware-user: could not open /proc/fs/vmblock/dev
compiz (core) - Info: Loading plugin: composite

** (process:2311): CRITICAL **: bluez.vala:104: GDBus.Error:org.bluez.Error.NoSuchAdapter: No such adapter
compiz (core) - Info: Starting plugin: composite
compiz (core) - Info: Loading plugin: opengl
compiz (core) - Info: Unity is not supported by your hardware. Enabling software rendering instead (slow).
compiz (core) - Info: Unity is not supported by your hardware. Enabling software rendering instead (slow).
compiz (core) - Info: Starting plugin: opengl
compiz (core) - Info: Loading plugin: place
compiz (core) - Info: Starting plugin: place
compiz (core) - Info: Loading plugin: imgpng
compiz (core) - Info: Starting plugin: imgpng
compiz (core) - Info: Loading plugin: mousepoll
compiz (core) - Info: Starting plugin: mousepoll
compiz (core) - Info: Loading plugin: snap
compiz (core) - Info: Starting plugin: snap
compiz (core) - Info: Loading plugin: grid
compiz (core) - Info: Starting plugin: grid
compiz (core) - Info: Loading plugin: wall
compiz (core) - Info: Starting plugin: wall
compiz (core) - Info: Loading plugin: unitymtgrabhandles
compiz (core) - Info: Starting plugin: unitymtgrabhandles
compiz (core) - Info: Loading plugin: vpswitch
compiz (core) - Info: Starting plugin: vpswitch
compiz (core) - Info: Loading plugin: resize
compiz (core) - Info: Starting plugin: resize
compiz (core) - Info: Loading plugin: regex
compiz (core) - Info: Starting plugin: regex
compiz (core) - Info: Loading plugin: session
compiz (core) - Info: Starting plugin: session
I/O warning : failed to load external entity "/home/sele/.compiz/session/108362ab6799daad2e162354130464503800000020970001"
compiz (core) - Info: Loading plugin: compiztoolbox
compiz (core) - Info: Starting plugin: compiztoolbox
compiz (core) - Info: Loading plugin: commands
compiz (core) - Info: Starting plugin: commands
compiz (core) - Info: Loading plugin: move
compiz (core) - Info: Starting plugin: move
compiz (core) - Info: Loading plugin: copytex
compiz (core) - Info: Starting plugin: copytex
compiz (core) - Info: Loading plugin: animation
compiz (core) - Info: Starting plugin: animation
compiz (core) - Info: Loading plugin: expo
compiz (core) - Info: Starting plugin: expo
compiz (core) - Info: Loading plugin: workarounds
compiz (core) - Info: Starting plugin: workarounds
compiz (core) - Info: Loading plugin: fade
compiz (core) - Info: Starting plugin: fade
compiz (core) - Info: Loading plugin: ezoom
compiz (core) - Info: Starting plugin: ezoom
compiz (core) - Info: Loading plugin: scale
compiz (core) - Info: Starting plugin: scale
compiz (core) - Info: Loading plugin: unityshell
compiz (core) - Info: Starting plugin: unityshell
WARN  2021-06-12 16:41:57 unity.glib.dbus.server GLibDBusServer.cpp:579 Can't register object 'org.gnome.Shell' yet as we don't have a connection, waiting for it...
ERROR 2021-06-12 16:41:57 unity.debug.interface DebugDBusInterface.cpp:216 Unable to load entry point in libxpathselect: libxpathselect.so.1.4: cannot open shared object file: No such file or directory
WARN  2021-06-12 16:41:57 xim.controller XIMController.cpp:103 IBus natively supported.
WARN  2021-06-12 16:41:58 unity.glib.dbus.server GLibDBusServer.cpp:579 Can't register object 'com.canonical.Unity.Launcher' yet as we don't have a connection, waiting for it...
WARN  2021-06-12 16:41:58 unity.glib.dbus.server GLibDBusServer.cpp:579 Can't register object 'com.canonical.Unity.Dash' yet as we don't have a connection, waiting for it...
WARN  2021-06-12 16:41:58 unity.glib.dbus.server GLibDBusServer.cpp:579 Can't register object 'org.gnome.SessionManager.EndSessionDialog' yet as we don't have a connection, waiting for it...
WARN  2021-06-12 16:41:58 unity.glib.dbus.server GLibDBusServer.cpp:579 Can't register object 'com.canonical.Unity.Session' yet as we don't have a connection, waiting for it...
WARN  2021-06-12 16:41:58 unity.glib.dbus.server GLibDBusServer.cpp:579 Can't register object 'org.gnome.ScreenSaver' yet as we don't have a connection, waiting for it...
ERROR 2021-06-12 16:41:59 unity.glib.dbus.server GLibDBusServer.cpp:524 DBus name lost 'org.gnome.Shell'
ERROR 2021-06-12 16:41:59 unity.glib.dbus.server GLibDBusServer.cpp:524 DBus name lost 'com.canonical.Unity'

(nm-applet:2307): nm-applet-WARNING **: Could not find ShellVersion property on org.gnome.Shell after 5 tries

(zeitgeist-datahub:2402): GLib-GObject-WARNING **: invalid (NULL) pointer instance

(zeitgeist-datahub:2402): GLib-GObject-CRITICAL **: g_signal_connect_data: assertion 'G_TYPE_CHECK_INSTANCE (instance)' failed
WARN  2021-06-12 16:44:08 unity.iconloader IconLoader.cpp:755 Unable to load icon file:/// at size -1x22: Can't open directory

(gnome-terminal:2578): GLib-GIO-CRITICAL **: g_settings_get: the format string may not contain '&' (key 'monospace-font-name' from schema 'org.gnome.desktop.interface'). This call will probably stop working with a future version of glib.
failed to create drawable
compiz (core) - Warn: glXCreatePixmap failed
ERROR 2021-06-12 16:53:16 unity <unknown>:0 atk_object_ref_state_set: assertion 'ATK_IS_OBJECT (accessible)' failed
ERROR 2021-06-12 16:53:16 unity <unknown>:0 atk_state_set_contains_state: assertion 'ATK_IS_STATE_SET (set)' failed
ERROR 2021-06-12 16:53:16 unityte <unknown>:0 g_object_unref: assertion 'G_IS_OBJECT (object)' failed
ERROR 2021-06-12 17:00:35 unity.settings UnitySettings.cpp:244 Invalid monitor index: -1. Returning index 0 monitor instead.
ERROR 2021-06-12 17:03:52 unity.settings UnitySettings.cpp:244 Invalid monitor index: -1. Returning index 0 monitor instead.

(gnome-terminal:4975): GLib-GIO-CRITICAL **: g_settings_get: the format string may not contain '&' (key 'monospace-font-name' from schema 'org.gnome.desktop.interface'). This call will probably stop working with a future version of glib.
Nautilus-Share-Message: Called "net usershare info" but it failed: 'net usershare' returned error 255: net usershare: cannot open usershare directory /var/lib/samba/usershares. Error No such file or directory
Please ask your system administrator to enable user sharing.

failed to create drawable
compiz (core) - Warn: glXCreatePixmap failed
failed to create drawable
compiz (core) - Warn: glXCreatePixmap failed
ERROR 2021-06-13 18:38:39 unity <unknown>:0 atk_object_ref_state_set: assertion 'ATK_IS_OBJECT (accessible)' failed
ERROR 2021-06-13 18:38:39 unity <unknown>:0 atk_state_set_contains_state: assertion 'ATK_IS_STATE_SET (set)' failed
ERROR 2021-06-13 18:38:39 unityte <unknown>:0 g_object_unref: assertion 'G_IS_OBJECT (object)' failed
ERROR 2021-06-13 18:46:17 unity <unknown>:0 atk_object_ref_state_set: assertion 'ATK_IS_OBJECT (accessible)' failed
ERROR 2021-06-13 18:46:17 unity <unknown>:0 atk_state_set_contains_state: assertion 'ATK_IS_STATE_SET (set)' failed
ERROR 2021-06-13 18:46:17 unityte <unknown>:0 g_object_unref: assertion 'G_IS_OBJECT (object)' failed
failed to create drawable
compiz (core) - Warn: glXCreatePixmap failed
ERROR 2021-06-13 19:01:58 unity.settings UnitySettings.cpp:244 Invalid monitor index: -1. Returning index 0 monitor instead.

(gnome-terminal:5135): GLib-GIO-CRITICAL **: g_settings_get: the format string may not contain '&' (key 'monospace-font-name' from schema 'org.gnome.desktop.interface'). This call will probably stop working with a future version of glib.
failed to create drawable
compiz (core) - Warn: glXCreatePixmap failed
